<?xml version="1.0" encoding="UTF-8"?>
<testsuite name="com.thoughtworks.dolphin.controller.BookControllerTest" tests="4" skipped="0" failures="0" errors="0" timestamp="2014-10-15T06:38:14" hostname="CNhzchen.local" time="0.194">
  <properties/>
  <testcase name="shouldAddBook" classname="com.thoughtworks.dolphin.controller.BookControllerTest" time="0.188"/>
  <testcase name="shouldGetBookDetail" classname="com.thoughtworks.dolphin.controller.BookControllerTest" time="0.002"/>
  <testcase name="shouldEditBook" classname="com.thoughtworks.dolphin.controller.BookControllerTest" time="0.001"/>
  <testcase name="shouldIsExist" classname="com.thoughtworks.dolphin.controller.BookControllerTest" time="0.001"/>
  <system-out><![CDATA[]]></system-out>
  <system-err><![CDATA[]]></system-err>
</testsuite>
