<?xml version="1.0" encoding="UTF-8"?>
<testsuite name="com.thoughtworks.dolphin.service.BookDetailServiceTest" tests="2" skipped="0" failures="0" errors="0" timestamp="2014-10-15T06:21:53" hostname="CNhzchen.local" time="0.008">
  <properties/>
  <testcase name="shouldUpdateBook" classname="com.thoughtworks.dolphin.service.BookDetailServiceTest" time="0.006"/>
  <testcase name="shouldGetBook" classname="com.thoughtworks.dolphin.service.BookDetailServiceTest" time="0.001"/>
  <system-out><![CDATA[]]></system-out>
  <system-err><![CDATA[]]></system-err>
</testsuite>
